\BOOKMARK [1][-]{section.1}{Priliminary calculations}{}% 1
\BOOKMARK [2][-]{subsection.1.1}{Differentiation under the integral sign}{section.1}% 2
\BOOKMARK [2][-]{subsection.1.2}{Functions}{section.1}% 3
\BOOKMARK [2][-]{subsection.1.3}{Lipschitz-Killing curvatures \(LKC\)}{section.1}% 4
\BOOKMARK [2][-]{subsection.1.4}{Volume of the unit ball}{section.1}% 5
\BOOKMARK [2][-]{subsection.1.5}{Probabilistic Hermite polynomials}{section.1}% 6
\BOOKMARK [2][-]{subsection.1.6}{Flag coefficients}{section.1}% 7
\BOOKMARK [2][-]{subsection.1.7}{Second spectral moment}{section.1}% 8
\BOOKMARK [1][-]{section.2}{Gaussian Minkowsky functionals}{}% 9
\BOOKMARK [2][-]{subsection.2.1}{Preliminary}{section.2}% 10
\BOOKMARK [3][-]{subsubsection.2.1.1}{Gaussian measure: \040k\( H \)}{subsection.2.1}% 11
\BOOKMARK [3][-]{subsubsection.2.1.2}{Tube Taylor expansion}{subsection.2.1}% 12
\BOOKMARK [2][-]{subsection.2.2}{GMFs for Gaussian distribution}{section.2}% 13
\BOOKMARK [3][-]{subsubsection.2.2.1}{Application to: k=1 and \040H = [ \040\) }{subsection.2.2}% 14
\BOOKMARK [3][-]{subsubsection.2.2.2}{Application to: k=1 and \040H = \(- \040] }{subsection.2.2}% 15
\BOOKMARK [3][-]{subsubsection.2.2.3}{Application to: k N* \040and \040H = \040 R k "026E30F B \040R k \(0, \)}{subsection.2.2}% 16
\BOOKMARK [3][-]{subsubsection.2.2.4}{Application to: k N* \040for various \040H }{subsection.2.2}% 17
\BOOKMARK [2][-]{subsection.2.3}{GMFs for Gaussian related Random Fields}{section.2}% 18
\BOOKMARK [3][-]{subsubsection.2.3.1}{Log-normal distribution}{subsection.2.3}% 19
\BOOKMARK [3][-]{subsubsection.2.3.2}{2k distribution}{subsection.2.3}% 20
\BOOKMARK [1][-]{section.3}{Expectation Formula}{}% 21
\BOOKMARK [2][-]{subsection.3.1}{General case}{section.3}% 22
\BOOKMARK [2][-]{subsection.3.2}{One dimension}{section.3}% 23
\BOOKMARK [2][-]{subsection.3.3}{Two dimensions}{section.3}% 24
\BOOKMARK [3][-]{subsubsection.3.3.1}{Three dimensions}{subsection.3.3}% 25
